<?xml version="1.0" encoding="UTF-8"?>
<!-- Generated by org.testng.reporters.JUnitXMLReporter -->
<testsuite ignored="0" hostname="Test-PC" failures="0" tests="3" name="Test" time="32.539" errors="0" timestamp="2023-11-05T12:08:18 PST">
  <testcase classname="com.tutorialsninja.qa.testcases.RegisterPageTest" name="verifyHomeTitle" time="0.032"/>
  <testcase classname="com.tutorialsninja.qa.testcases.RegisterPageTest" name="verifyTitle" time="1.69"/>
  <testcase classname="com.tutorialsninja.qa.testcases.RegisterPageTest" name="verifyRegister" time="3.856"/>
</testsuite> <!-- Test -->
