<?xml version="1.0" encoding="UTF-8"?>
<testng-results ignored="0" total="2" passed="2" failed="0" skipped="0">
  <reporter-output>
  </reporter-output>
  <suite started-at="2023-11-05T09:20:56 PST" name="Suite" finished-at="2023-11-05T09:21:24 PST" duration-ms="28025">
    <groups>
    </groups>
    <test started-at="2023-11-05T09:20:56 PST" name="Test" finished-at="2023-11-05T09:21:24 PST" duration-ms="28025">
      <class name="com.tutorialsninja.qa.testcases.RegisterPageTest">
        <test-method is-config="true" signature="setup()[pri:0, instance:com.tutorialsninja.qa.testcases.RegisterPageTest@25641d39]" started-at="2023-11-05T09:20:56 PST" name="setup" finished-at="2023-11-05T09:21:10 PST" duration-ms="14300" status="PASS">
          <reporter-output>
          </reporter-output>
        </test-method> <!-- setup -->
        <test-method signature="verifyTitle()[pri:1, instance:com.tutorialsninja.qa.testcases.RegisterPageTest@25641d39]" started-at="2023-11-05T09:21:11 PST" name="verifyTitle" finished-at="2023-11-05T09:21:12 PST" duration-ms="1377" status="PASS">
          <reporter-output>
          </reporter-output>
        </test-method> <!-- verifyTitle -->
        <test-method is-config="true" signature="tearDown()[pri:0, instance:com.tutorialsninja.qa.testcases.RegisterPageTest@25641d39]" started-at="2023-11-05T09:21:12 PST" name="tearDown" finished-at="2023-11-05T09:21:13 PST" duration-ms="1477" status="PASS">
          <reporter-output>
          </reporter-output>
        </test-method> <!-- tearDown -->
        <test-method is-config="true" signature="setup()[pri:0, instance:com.tutorialsninja.qa.testcases.RegisterPageTest@25641d39]" started-at="2023-11-05T09:21:13 PST" name="setup" finished-at="2023-11-05T09:21:19 PST" duration-ms="6094" status="PASS">
          <reporter-output>
          </reporter-output>
        </test-method> <!-- setup -->
        <test-method signature="verifyRegister()[pri:2, instance:com.tutorialsninja.qa.testcases.RegisterPageTest@25641d39]" started-at="2023-11-05T09:21:19 PST" name="verifyRegister" finished-at="2023-11-05T09:21:23 PST" duration-ms="3885" status="PASS">
          <reporter-output>
          </reporter-output>
        </test-method> <!-- verifyRegister -->
        <test-method is-config="true" signature="tearDown()[pri:0, instance:com.tutorialsninja.qa.testcases.RegisterPageTest@25641d39]" started-at="2023-11-05T09:21:23 PST" name="tearDown" finished-at="2023-11-05T09:21:24 PST" duration-ms="643" status="PASS">
          <reporter-output>
          </reporter-output>
        </test-method> <!-- tearDown -->
      </class> <!-- com.tutorialsninja.qa.testcases.RegisterPageTest -->
    </test> <!-- Test -->
  </suite> <!-- Suite -->
</testng-results>
