<?xml version="1.0" encoding="UTF-8"?>
<testng-results ignored="0" total="3" passed="3" failed="0" skipped="0">
  <reporter-output>
  </reporter-output>
  <suite started-at="2023-11-05T12:07:45 PST" name="Suite" finished-at="2023-11-05T12:08:18 PST" duration-ms="32539">
    <groups>
    </groups>
    <test started-at="2023-11-05T12:07:45 PST" name="Test" finished-at="2023-11-05T12:08:18 PST" duration-ms="32539">
      <class name="com.tutorialsninja.qa.testcases.RegisterPageTest">
        <test-method is-config="true" signature="setup()[pri:0, instance:com.tutorialsninja.qa.testcases.RegisterPageTest@5149d738]" started-at="2023-11-05T12:07:45 PST" name="setup" finished-at="2023-11-05T12:07:57 PST" duration-ms="11987" status="PASS">
          <reporter-output>
          </reporter-output>
        </test-method> <!-- setup -->
        <test-method signature="verifyHomeTitle()[pri:1, instance:com.tutorialsninja.qa.testcases.RegisterPageTest@5149d738]" started-at="2023-11-05T12:07:57 PST" name="verifyHomeTitle" finished-at="2023-11-05T12:07:57 PST" duration-ms="32" status="PASS">
          <reporter-output>
          </reporter-output>
        </test-method> <!-- verifyHomeTitle -->
        <test-method is-config="true" signature="tearDown()[pri:0, instance:com.tutorialsninja.qa.testcases.RegisterPageTest@5149d738]" started-at="2023-11-05T12:07:57 PST" name="tearDown" finished-at="2023-11-05T12:07:58 PST" duration-ms="571" status="PASS">
          <reporter-output>
          </reporter-output>
        </test-method> <!-- tearDown -->
        <test-method is-config="true" signature="setup()[pri:0, instance:com.tutorialsninja.qa.testcases.RegisterPageTest@5149d738]" started-at="2023-11-05T12:07:58 PST" name="setup" finished-at="2023-11-05T12:08:05 PST" duration-ms="6749" status="PASS">
          <reporter-output>
          </reporter-output>
        </test-method> <!-- setup -->
        <test-method signature="verifyTitle()[pri:2, instance:com.tutorialsninja.qa.testcases.RegisterPageTest@5149d738]" started-at="2023-11-05T12:08:05 PST" name="verifyTitle" finished-at="2023-11-05T12:08:06 PST" duration-ms="1690" status="PASS">
          <reporter-output>
          </reporter-output>
        </test-method> <!-- verifyTitle -->
        <test-method is-config="true" signature="tearDown()[pri:0, instance:com.tutorialsninja.qa.testcases.RegisterPageTest@5149d738]" started-at="2023-11-05T12:08:06 PST" name="tearDown" finished-at="2023-11-05T12:08:07 PST" duration-ms="641" status="PASS">
          <reporter-output>
          </reporter-output>
        </test-method> <!-- tearDown -->
        <test-method is-config="true" signature="setup()[pri:0, instance:com.tutorialsninja.qa.testcases.RegisterPageTest@5149d738]" started-at="2023-11-05T12:08:07 PST" name="setup" finished-at="2023-11-05T12:08:13 PST" duration-ms="6019" status="PASS">
          <reporter-output>
          </reporter-output>
        </test-method> <!-- setup -->
        <test-method signature="verifyRegister()[pri:3, instance:com.tutorialsninja.qa.testcases.RegisterPageTest@5149d738]" started-at="2023-11-05T12:08:13 PST" name="verifyRegister" finished-at="2023-11-05T12:08:17 PST" duration-ms="3856" status="PASS">
          <reporter-output>
          </reporter-output>
        </test-method> <!-- verifyRegister -->
        <test-method is-config="true" signature="tearDown()[pri:0, instance:com.tutorialsninja.qa.testcases.RegisterPageTest@5149d738]" started-at="2023-11-05T12:08:17 PST" name="tearDown" finished-at="2023-11-05T12:08:18 PST" duration-ms="833" status="PASS">
          <reporter-output>
          </reporter-output>
        </test-method> <!-- tearDown -->
      </class> <!-- com.tutorialsninja.qa.testcases.RegisterPageTest -->
    </test> <!-- Test -->
  </suite> <!-- Suite -->
</testng-results>
